mode: atomic
github.com/adobromilskiy/pingatus/cmd/pingatus/main.go:21.13,24.33 2 0
github.com/adobromilskiy/pingatus/cmd/pingatus/main.go:24.33,27.3 2 0
github.com/adobromilskiy/pingatus/cmd/pingatus/main.go:30.37,35.16 4 0
github.com/adobromilskiy/pingatus/cmd/pingatus/main.go:35.16,37.3 1 0
github.com/adobromilskiy/pingatus/cmd/pingatus/main.go:39.2,43.23 3 0
github.com/adobromilskiy/pingatus/cmd/pingatus/main.go:43.23,45.3 1 0
github.com/adobromilskiy/pingatus/cmd/pingatus/main.go:47.2,50.16 3 0
github.com/adobromilskiy/pingatus/cmd/pingatus/main.go:50.16,52.3 1 0
github.com/adobromilskiy/pingatus/cmd/pingatus/main.go:54.2,56.36 2 0
github.com/adobromilskiy/pingatus/cmd/pingatus/main.go:56.36,58.3 1 0
github.com/adobromilskiy/pingatus/cmd/pingatus/main.go:60.2,63.16 3 0
github.com/adobromilskiy/pingatus/cmd/pingatus/main.go:63.16,65.3 1 0
github.com/adobromilskiy/pingatus/cmd/pingatus/main.go:67.2,73.20 4 0
github.com/adobromilskiy/pingatus/cmd/pingatus/main.go:73.20,81.3 3 0
github.com/adobromilskiy/pingatus/cmd/pingatus/main.go:83.2,83.20 1 0
github.com/adobromilskiy/pingatus/cmd/pingatus/main.go:83.20,87.3 2 0
github.com/adobromilskiy/pingatus/cmd/pingatus/main.go:89.2,89.20 1 0
github.com/adobromilskiy/pingatus/cmd/pingatus/main.go:89.20,93.3 2 0
github.com/adobromilskiy/pingatus/cmd/pingatus/main.go:95.2,95.17 1 0
github.com/adobromilskiy/pingatus/cmd/pingatus/main.go:98.45,101.28 2 0
github.com/adobromilskiy/pingatus/cmd/pingatus/main.go:102.32,103.32 1 0
github.com/adobromilskiy/pingatus/cmd/pingatus/main.go:104.31,105.31 1 0
github.com/adobromilskiy/pingatus/cmd/pingatus/main.go:106.31,107.31 1 0
github.com/adobromilskiy/pingatus/cmd/pingatus/main.go:108.32,109.32 1 0
github.com/adobromilskiy/pingatus/cmd/pingatus/main.go:110.10,111.31 1 0
github.com/adobromilskiy/pingatus/cmd/pingatus/main.go:114.2,114.18 1 0
github.com/adobromilskiy/pingatus/internal/mocks/logger.go:8.32,10.2 1 0
github.com/adobromilskiy/pingatus/internal/mocks/notifier.go:10.60,12.2 1 0
github.com/adobromilskiy/pingatus/internal/mocks/storage.go:12.73,13.25 1 0
github.com/adobromilskiy/pingatus/internal/mocks/storage.go:13.25,15.3 1 0
github.com/adobromilskiy/pingatus/internal/mocks/storage.go:17.2,17.12 1 0
github.com/adobromilskiy/pingatus/internal/mocks/storage.go:20.73,22.2 1 0
github.com/adobromilskiy/pingatus/internal/mocks/storage.go:24.109,25.20 1 0
github.com/adobromilskiy/pingatus/internal/mocks/storage.go:25.20,27.3 1 0
github.com/adobromilskiy/pingatus/internal/mocks/storage.go:29.2,41.8 1 0
github.com/adobromilskiy/pingatus/internal/config/config.go:47.30,49.20 2 4
github.com/adobromilskiy/pingatus/internal/config/config.go:49.20,51.3 1 1
github.com/adobromilskiy/pingatus/internal/config/config.go:53.2,54.16 2 3
github.com/adobromilskiy/pingatus/internal/config/config.go:54.16,56.3 1 1
github.com/adobromilskiy/pingatus/internal/config/config.go:58.2,61.16 3 2
github.com/adobromilskiy/pingatus/internal/config/config.go:61.16,63.3 1 1
github.com/adobromilskiy/pingatus/internal/config/config.go:65.2,65.18 1 1
github.com/adobromilskiy/pingatus/internal/mocks/logger.go:8.32,10.2 1 8
github.com/adobromilskiy/pingatus/internal/mocks/notifier.go:10.60,12.2 1 0
github.com/adobromilskiy/pingatus/internal/mocks/storage.go:12.73,13.25 1 0
github.com/adobromilskiy/pingatus/internal/mocks/storage.go:13.25,15.3 1 0
github.com/adobromilskiy/pingatus/internal/mocks/storage.go:17.2,17.12 1 0
github.com/adobromilskiy/pingatus/internal/mocks/storage.go:20.73,22.2 1 0
github.com/adobromilskiy/pingatus/internal/mocks/storage.go:24.109,25.20 1 0
github.com/adobromilskiy/pingatus/internal/mocks/storage.go:25.20,27.3 1 0
github.com/adobromilskiy/pingatus/internal/mocks/storage.go:29.2,41.8 1 0
github.com/adobromilskiy/pingatus/internal/notifier/notifier.go:22.72,25.18 2 4
github.com/adobromilskiy/pingatus/internal/notifier/notifier.go:26.18,27.28 1 3
github.com/adobromilskiy/pingatus/internal/notifier/notifier.go:27.28,29.4 1 1
github.com/adobromilskiy/pingatus/internal/notifier/notifier.go:31.3,31.29 1 2
github.com/adobromilskiy/pingatus/internal/notifier/notifier.go:31.29,33.4 1 1
github.com/adobromilskiy/pingatus/internal/notifier/notifier.go:35.3,35.56 1 1
github.com/adobromilskiy/pingatus/internal/notifier/notifier.go:37.10,38.61 1 1
github.com/adobromilskiy/pingatus/internal/notifier/notifier.go:41.2,41.22 1 1
github.com/adobromilskiy/pingatus/internal/notifier/telegram.go:18.67,24.2 3 2
github.com/adobromilskiy/pingatus/internal/notifier/telegram.go:26.58,35.16 4 3
github.com/adobromilskiy/pingatus/internal/notifier/telegram.go:35.16,39.3 2 1
github.com/adobromilskiy/pingatus/internal/notifier/telegram.go:40.2,42.38 2 2
github.com/adobromilskiy/pingatus/internal/notifier/telegram.go:42.38,44.3 1 1
github.com/adobromilskiy/pingatus/internal/mocks/logger.go:8.32,10.2 1 4
github.com/adobromilskiy/pingatus/internal/mocks/notifier.go:10.60,12.2 1 0
github.com/adobromilskiy/pingatus/internal/mocks/storage.go:12.73,13.25 1 0
github.com/adobromilskiy/pingatus/internal/mocks/storage.go:13.25,15.3 1 0
github.com/adobromilskiy/pingatus/internal/mocks/storage.go:17.2,17.12 1 0
github.com/adobromilskiy/pingatus/internal/mocks/storage.go:20.73,22.2 1 0
github.com/adobromilskiy/pingatus/internal/mocks/storage.go:24.109,25.20 1 0
github.com/adobromilskiy/pingatus/internal/mocks/storage.go:25.20,27.3 1 0
github.com/adobromilskiy/pingatus/internal/mocks/storage.go:29.2,41.8 1 0
github.com/adobromilskiy/pingatus/internal/storage/sqlite/endpoint.go:15.49,24.16 2 2
github.com/adobromilskiy/pingatus/internal/storage/sqlite/endpoint.go:24.16,26.3 1 0
github.com/adobromilskiy/pingatus/internal/storage/sqlite/endpoint.go:28.2,30.8 1 2
github.com/adobromilskiy/pingatus/internal/storage/sqlite/endpoint.go:33.72,41.16 3 2
github.com/adobromilskiy/pingatus/internal/storage/sqlite/endpoint.go:41.16,43.3 1 1
github.com/adobromilskiy/pingatus/internal/storage/sqlite/endpoint.go:45.2,45.12 1 1
github.com/adobromilskiy/pingatus/internal/storage/sqlite/endpoint.go:48.72,52.16 3 4
github.com/adobromilskiy/pingatus/internal/storage/sqlite/endpoint.go:52.16,54.3 1 1
github.com/adobromilskiy/pingatus/internal/storage/sqlite/endpoint.go:56.2,60.18 3 3
github.com/adobromilskiy/pingatus/internal/storage/sqlite/endpoint.go:60.18,62.42 2 4
github.com/adobromilskiy/pingatus/internal/storage/sqlite/endpoint.go:62.42,64.4 1 1
github.com/adobromilskiy/pingatus/internal/storage/sqlite/endpoint.go:66.3,66.30 1 3
github.com/adobromilskiy/pingatus/internal/storage/sqlite/endpoint.go:69.2,71.35 2 2
github.com/adobromilskiy/pingatus/internal/storage/sqlite/endpoint.go:71.35,73.3 1 1
github.com/adobromilskiy/pingatus/internal/storage/sqlite/endpoint.go:75.2,75.19 1 1
github.com/adobromilskiy/pingatus/internal/storage/sqlite/endpoint.go:78.108,82.16 3 4
github.com/adobromilskiy/pingatus/internal/storage/sqlite/endpoint.go:82.16,84.3 1 1
github.com/adobromilskiy/pingatus/internal/storage/sqlite/endpoint.go:86.2,90.18 3 3
github.com/adobromilskiy/pingatus/internal/storage/sqlite/endpoint.go:90.18,92.92 2 3
github.com/adobromilskiy/pingatus/internal/storage/sqlite/endpoint.go:92.92,94.4 1 1
github.com/adobromilskiy/pingatus/internal/storage/sqlite/endpoint.go:96.3,96.29 1 2
github.com/adobromilskiy/pingatus/internal/storage/sqlite/endpoint.go:99.2,101.35 2 2
github.com/adobromilskiy/pingatus/internal/storage/sqlite/endpoint.go:101.35,103.3 1 1
github.com/adobromilskiy/pingatus/internal/storage/sqlite/endpoint.go:105.2,105.18 1 1
github.com/adobromilskiy/pingatus/internal/storage/sqlite/sqlite.go:25.43,30.2 1 3
github.com/adobromilskiy/pingatus/internal/storage/sqlite/sqlite.go:32.46,36.16 3 2
github.com/adobromilskiy/pingatus/internal/storage/sqlite/sqlite.go:36.16,38.3 1 1
github.com/adobromilskiy/pingatus/internal/storage/sqlite/sqlite.go:40.2,42.12 2 1
github.com/adobromilskiy/pingatus/internal/storage/sqlite/sqlite.go:45.47,48.17 2 2
github.com/adobromilskiy/pingatus/internal/storage/sqlite/sqlite.go:48.17,50.3 1 1
github.com/adobromilskiy/pingatus/internal/storage/sqlite/sqlite.go:52.2,53.16 2 1
github.com/adobromilskiy/pingatus/internal/storage/sqlite/sqlite.go:53.16,55.3 1 0
github.com/adobromilskiy/pingatus/internal/storage/sqlite/sqlite.go:57.2,57.12 1 1
github.com/adobromilskiy/pingatus/internal/storage/sqlite/sqlite.go:60.28,62.2 1 0
github.com/adobromilskiy/pingatus/internal/mocks/logger.go:8.32,10.2 1 3
github.com/adobromilskiy/pingatus/internal/mocks/notifier.go:10.60,12.2 1 0
github.com/adobromilskiy/pingatus/internal/mocks/storage.go:12.73,13.25 1 2
github.com/adobromilskiy/pingatus/internal/mocks/storage.go:13.25,15.3 1 0
github.com/adobromilskiy/pingatus/internal/mocks/storage.go:17.2,17.12 1 2
github.com/adobromilskiy/pingatus/internal/mocks/storage.go:20.73,22.2 1 0
github.com/adobromilskiy/pingatus/internal/mocks/storage.go:24.109,25.20 1 0
github.com/adobromilskiy/pingatus/internal/mocks/storage.go:25.20,27.3 1 0
github.com/adobromilskiy/pingatus/internal/mocks/storage.go:29.2,41.8 1 0
github.com/adobromilskiy/pingatus/internal/pinger/http.go:17.62,18.21 1 6
github.com/adobromilskiy/pingatus/internal/pinger/http.go:18.21,20.3 1 2
github.com/adobromilskiy/pingatus/internal/pinger/http.go:22.2,22.22 1 4
github.com/adobromilskiy/pingatus/internal/pinger/http.go:22.22,24.3 1 1
github.com/adobromilskiy/pingatus/internal/pinger/http.go:26.2,26.30 1 3
github.com/adobromilskiy/pingatus/internal/pinger/http.go:29.71,41.16 4 6
github.com/adobromilskiy/pingatus/internal/pinger/http.go:41.16,43.3 1 1
github.com/adobromilskiy/pingatus/internal/pinger/http.go:45.2,46.16 2 5
github.com/adobromilskiy/pingatus/internal/pinger/http.go:46.16,50.3 2 1
github.com/adobromilskiy/pingatus/internal/pinger/http.go:51.2,55.22 3 4
github.com/adobromilskiy/pingatus/internal/pinger/icmp.go:18.62,19.26 1 7
github.com/adobromilskiy/pingatus/internal/pinger/icmp.go:19.26,21.3 1 2
github.com/adobromilskiy/pingatus/internal/pinger/icmp.go:23.2,23.22 1 5
github.com/adobromilskiy/pingatus/internal/pinger/icmp.go:23.22,25.3 1 3
github.com/adobromilskiy/pingatus/internal/pinger/icmp.go:27.2,28.16 2 2
github.com/adobromilskiy/pingatus/internal/pinger/icmp.go:28.16,30.3 1 1
github.com/adobromilskiy/pingatus/internal/pinger/icmp.go:32.2,35.8 1 1
github.com/adobromilskiy/pingatus/internal/pinger/icmp.go:38.71,48.12 4 1
github.com/adobromilskiy/pingatus/internal/pinger/icmp.go:48.12,51.3 2 1
github.com/adobromilskiy/pingatus/internal/pinger/icmp.go:53.2,55.39 2 1
github.com/adobromilskiy/pingatus/internal/pinger/icmp.go:55.39,57.3 1 0
github.com/adobromilskiy/pingatus/internal/pinger/icmp.go:59.2,63.22 3 1
github.com/adobromilskiy/pingatus/internal/pinger/pinger.go:33.110,35.2 1 3
github.com/adobromilskiy/pingatus/internal/pinger/pinger.go:37.44,39.26 2 3
github.com/adobromilskiy/pingatus/internal/pinger/pinger.go:39.26,42.38 2 5
github.com/adobromilskiy/pingatus/internal/pinger/pinger.go:42.38,45.20 2 5
github.com/adobromilskiy/pingatus/internal/pinger/pinger.go:46.16,48.19 2 2
github.com/adobromilskiy/pingatus/internal/pinger/pinger.go:48.19,57.6 2 1
github.com/adobromilskiy/pingatus/internal/pinger/pinger.go:59.5,65.28 2 1
github.com/adobromilskiy/pingatus/internal/pinger/pinger.go:66.16,68.19 2 3
github.com/adobromilskiy/pingatus/internal/pinger/pinger.go:68.19,77.6 2 3
github.com/adobromilskiy/pingatus/internal/pinger/pinger.go:79.5,85.28 2 0
github.com/adobromilskiy/pingatus/internal/pinger/pinger.go:90.2,92.54 2 3
github.com/adobromilskiy/pingatus/internal/pinger/pinger.go:95.87,100.6 3 1
github.com/adobromilskiy/pingatus/internal/pinger/pinger.go:100.6,101.10 1 3
github.com/adobromilskiy/pingatus/internal/pinger/pinger.go:102.21,105.10 2 1
github.com/adobromilskiy/pingatus/internal/pinger/pinger.go:106.19,110.18 3 2
github.com/adobromilskiy/pingatus/internal/pinger/pinger.go:110.18,118.13 2 0
github.com/adobromilskiy/pingatus/internal/pinger/pinger.go:121.4,121.41 1 2
github.com/adobromilskiy/pingatus/internal/pinger/pinger.go:121.41,125.5 2 0
github.com/adobromilskiy/pingatus/internal/pinger/pinger.go:127.4,127.41 1 2
github.com/adobromilskiy/pingatus/internal/pinger/pinger.go:127.41,131.5 2 0
github.com/adobromilskiy/pingatus/internal/pinger/pinger.go:133.4,134.18 2 2
github.com/adobromilskiy/pingatus/internal/pinger/pinger.go:134.18,141.5 1 0
github.com/adobromilskiy/pingatus/internal/mocks/logger.go:8.32,10.2 1 2
github.com/adobromilskiy/pingatus/internal/mocks/notifier.go:10.60,12.2 1 0
github.com/adobromilskiy/pingatus/internal/mocks/storage.go:12.73,13.25 1 0
github.com/adobromilskiy/pingatus/internal/mocks/storage.go:13.25,15.3 1 0
github.com/adobromilskiy/pingatus/internal/mocks/storage.go:17.2,17.12 1 0
github.com/adobromilskiy/pingatus/internal/mocks/storage.go:20.73,22.2 1 2
github.com/adobromilskiy/pingatus/internal/mocks/storage.go:24.109,25.20 1 2
github.com/adobromilskiy/pingatus/internal/mocks/storage.go:25.20,27.3 1 1
github.com/adobromilskiy/pingatus/internal/mocks/storage.go:29.2,41.8 1 1
github.com/adobromilskiy/pingatus/internal/server/handler.go:11.71,13.16 2 2
github.com/adobromilskiy/pingatus/internal/server/handler.go:13.16,16.3 2 0
github.com/adobromilskiy/pingatus/internal/server/handler.go:18.2,19.16 2 2
github.com/adobromilskiy/pingatus/internal/server/handler.go:19.16,22.3 2 0
github.com/adobromilskiy/pingatus/internal/server/handler.go:25.75,27.20 2 3
github.com/adobromilskiy/pingatus/internal/server/handler.go:27.20,31.3 2 1
github.com/adobromilskiy/pingatus/internal/server/handler.go:33.2,38.16 4 2
github.com/adobromilskiy/pingatus/internal/server/handler.go:38.16,43.3 3 1
github.com/adobromilskiy/pingatus/internal/server/handler.go:45.2,50.30 4 1
github.com/adobromilskiy/pingatus/internal/server/handler.go:50.30,51.15 1 2
github.com/adobromilskiy/pingatus/internal/server/handler.go:51.15,53.4 1 2
github.com/adobromilskiy/pingatus/internal/server/handler.go:56.2,65.16 3 1
github.com/adobromilskiy/pingatus/internal/server/handler.go:65.16,68.3 2 0
github.com/adobromilskiy/pingatus/internal/server/handler.go:71.55,73.16 2 3
github.com/adobromilskiy/pingatus/internal/server/handler.go:73.16,75.3 1 0
github.com/adobromilskiy/pingatus/internal/server/handler.go:77.2,82.16 5 3
github.com/adobromilskiy/pingatus/internal/server/handler.go:82.16,84.3 1 0
github.com/adobromilskiy/pingatus/internal/server/handler.go:86.2,86.12 1 3
github.com/adobromilskiy/pingatus/internal/server/server.go:23.64,25.2 1 1
github.com/adobromilskiy/pingatus/internal/server/server.go:27.43,34.12 2 1
github.com/adobromilskiy/pingatus/internal/server/server.go:34.12,37.43 2 1
github.com/adobromilskiy/pingatus/internal/server/server.go:37.43,39.4 1 0
github.com/adobromilskiy/pingatus/internal/server/server.go:41.3,41.50 1 1
github.com/adobromilskiy/pingatus/internal/server/server.go:44.2,46.72 2 1
github.com/adobromilskiy/pingatus/internal/server/server.go:46.72,48.3 1 0
github.com/adobromilskiy/pingatus/internal/server/server.go:50.2,50.49 1 1
github.com/adobromilskiy/pingatus/internal/server/server.go:53.40,60.2 5 1
github.com/adobromilskiy/pingatus/internal/server/types.go:21.52,22.25 1 3
github.com/adobromilskiy/pingatus/internal/server/types.go:22.25,24.3 1 1
github.com/adobromilskiy/pingatus/internal/server/types.go:26.2,30.37 4 2
github.com/adobromilskiy/pingatus/internal/server/types.go:30.37,32.24 2 4
github.com/adobromilskiy/pingatus/internal/server/types.go:32.24,33.23 1 3
github.com/adobromilskiy/pingatus/internal/server/types.go:33.23,36.5 2 1
github.com/adobromilskiy/pingatus/internal/server/types.go:38.4,40.14 3 3
github.com/adobromilskiy/pingatus/internal/server/types.go:43.3,45.22 2 4
github.com/adobromilskiy/pingatus/internal/server/types.go:45.22,47.4 1 3
github.com/adobromilskiy/pingatus/internal/server/types.go:49.3,49.46 1 4
github.com/adobromilskiy/pingatus/internal/server/types.go:49.46,52.4 2 3
github.com/adobromilskiy/pingatus/internal/server/types.go:55.2,56.30 2 2
github.com/adobromilskiy/pingatus/internal/server/types.go:59.35,66.15 5 4
github.com/adobromilskiy/pingatus/internal/server/types.go:66.15,68.3 1 3
github.com/adobromilskiy/pingatus/internal/server/types.go:70.2,70.17 1 4
github.com/adobromilskiy/pingatus/internal/server/types.go:70.17,72.3 1 3
github.com/adobromilskiy/pingatus/internal/server/types.go:72.8,74.3 1 1
github.com/adobromilskiy/pingatus/internal/server/types.go:76.2,76.15 1 4
